<?xml version="1.0" encoding="UTF-8"?>
<!-- Generated by org.testng.reporters.JUnitXMLReporter -->
<testsuite hostname="USER-20150804OD" name="Command line test" tests="3" failures="0" timestamp="1 Mar 2016 06:51:20 GMT" time="42.45" errors="0">
  <testcase name="a_welcome" time="16.713" classname="com.lk.android.test.TestCase2"/>
  <testcase name="t_login" time="10.782" classname="com.lk.android.test.TestCase2"/>
  <testcase name="t_login2" time="13.383" classname="com.lk.android.test.TestCase2"/>
</testsuite> <!-- Command line test -->
