<?xml version="1.0" encoding="UTF-8"?>
<!-- Generated by org.testng.reporters.JUnitXMLReporter -->
<testsuite hostname="USER-20150804OD" name="Default test" tests="3" failures="0" timestamp="2 Mar 2016 10:14:30 GMT" time="56.133" errors="0">
  <testcase name="a_welcome" time="17.928" classname="com.lk.android.testSuite.TestCase2"/>
  <testcase name="t_login" time="11.323" classname="com.lk.android.testSuite.TestCase2"/>
  <testcase name="t_login2" time="13.582" classname="com.lk.android.testSuite.TestCase2"/>
</testsuite> <!-- Default test -->
