<?xml version="1.0" encoding="UTF-8"?>
<!-- Generated by org.testng.reporters.JUnitXMLReporter -->
<testsuite hostname="USER-20150804OD" name="test" tests="5" failures="1" timestamp="2 Mar 2016 11:58:01 GMT" time="133.908" errors="0">
  <testcase name="test_welcome" time="17.744" classname="com.lk.android.testSuite.TestCase1"/>
  <testcase name="test_login" time="11.176" classname="com.lk.android.testSuite.TestCase1"/>
  <testcase name="test_login2" time="15.661" classname="com.lk.android.testSuite.TestCase1"/>
  <testcase name="test_order_001" time="46.191" classname="com.lk.android.testSuite.TestCase2"/>
  <testcase name="test_order_002" time="43.119" classname="com.lk.android.testSuite.TestCase2">
    <failure type="org.openqa.selenium.ElementNotVisibleException" message="element not visible
  (Session info: webview=30.0.0.0)
  (Driver info: chromedriver=2.18.343845 (73dd713ba7fbfb73cbb514e62641d8c96a94682a),platform=Windows NT 6.1 SP1 x86_64) (WARNING: The server did not provide any stacktrace information)
Command duration or timeout: 52 milliseconds
Build info: version: &amp;apos;2.48.2&amp;apos;, revision: &amp;apos;41bccdd10cf2c0560f637404c2d96164b67d9d67&amp;apos;, time: &amp;apos;2015-10-09 13:08:06&amp;apos;
System info: host: &amp;apos;USER-20150804OD&amp;apos;, ip: &amp;apos;10.1.22.28&amp;apos;, os.name: &amp;apos;Windows 7&amp;apos;, os.arch: &amp;apos;amd64&amp;apos;, os.version: &amp;apos;6.1&amp;apos;, java.version: &amp;apos;1.8.0_31&amp;apos;
Driver info: com.lk.android.utils.AndroidDriverPlus
Capabilities [{app=D:\MyFile\WorkSpace\test\apps\Troad\atroad3.5.0.apk, networkConnectionEnabled=true, warnings={}, databaseEnabled=false, deviceName=127.0.0.1:62001, platform=LINUX, desired={app=D:\MyFile\WorkSpace\test\apps\Troad\atroad3.5.0.apk, platformVersion=5.0, browserName=, unicodeKeyboard=true, platformName=Android, deviceName=41ad3630, resetKeyboard=true}, platformVersion=4.4.2, webStorageEnabled=false, locationContextEnabled=false, browserName=, takesScreenshot=true, javascriptEnabled=true, unicodeKeyboard=true, platformName=Android, resetKeyboard=true}]
Session ID: 92234cc3-3aee-47ee-b899-ed97cc9644a4">
      <![CDATA[org.openqa.selenium.ElementNotVisibleException: element not visible
  (Session info: webview=30.0.0.0)
  (Driver info: chromedriver=2.18.343845 (73dd713ba7fbfb73cbb514e62641d8c96a94682a),platform=Windows NT 6.1 SP1 x86_64) (WARNING: The server did not provide any stacktrace information)
Command duration or timeout: 52 milliseconds
Build info: version: '2.48.2', revision: '41bccdd10cf2c0560f637404c2d96164b67d9d67', time: '2015-10-09 13:08:06'
System info: host: 'USER-20150804OD', ip: '10.1.22.28', os.name: 'Windows 7', os.arch: 'amd64', os.version: '6.1', java.version: '1.8.0_31'
Driver info: com.lk.android.utils.AndroidDriverPlus
Capabilities [{app=D:\MyFile\WorkSpace\test\apps\Troad\atroad3.5.0.apk, networkConnectionEnabled=true, warnings={}, databaseEnabled=false, deviceName=127.0.0.1:62001, platform=LINUX, desired={app=D:\MyFile\WorkSpace\test\apps\Troad\atroad3.5.0.apk, platformVersion=5.0, browserName=, unicodeKeyboard=true, platformName=Android, deviceName=41ad3630, resetKeyboard=true}, platformVersion=4.4.2, webStorageEnabled=false, locationContextEnabled=false, browserName=, takesScreenshot=true, javascriptEnabled=true, unicodeKeyboard=true, platformName=Android, resetKeyboard=true}]
Session ID: 92234cc3-3aee-47ee-b899-ed97cc9644a4
	at org.openqa.selenium.remote.ErrorHandler.createThrowable(ErrorHandler.java:206)
	at org.openqa.selenium.remote.ErrorHandler.throwIfResponseFailed(ErrorHandler.java:158)
	at org.openqa.selenium.remote.RemoteWebDriver.execute(RemoteWebDriver.java:647)
	at io.appium.java_client.DefaultGenericMobileDriver.execute(DefaultGenericMobileDriver.java:42)
	at io.appium.java_client.AppiumDriver.execute(AppiumDriver.java:1)
	at io.appium.java_client.android.AndroidDriver.execute(AndroidDriver.java:1)
	at org.openqa.selenium.remote.RemoteWebElement.execute(RemoteWebElement.java:326)
	at io.appium.java_client.DefaultGenericMobileElement.execute(DefaultGenericMobileElement.java:44)
	at io.appium.java_client.MobileElement.execute(MobileElement.java:1)
	at io.appium.java_client.android.AndroidElement.execute(AndroidElement.java:1)
	at org.openqa.selenium.remote.RemoteWebElement.click(RemoteWebElement.java:84)
	at com.lk.android.actions.SearchProduct.submitOrder(SearchProduct.java:93)
	at com.lk.android.testSuite.TestCase2.test_order_002(TestCase2.java:53)
... Removed 28 stack frames]]>
    </failure>
  </testcase> <!-- test_order_002 -->
</testsuite> <!-- test -->
