<?xml version="1.0" encoding="UTF-8"?>
<!-- Generated by org.testng.reporters.JUnitXMLReporter -->
<testsuite hostname="USER-20150804OD" name="test" tests="3" failures="0" timestamp="3 Mar 2016 08:43:51 GMT" time="88.714" errors="0">
  <testcase name="test_welcome" time="11.153" classname="com.lk.android.testSuite.TestCase2"/>
  <testcase name="test_loginRight" time="17.991" classname="com.lk.android.testSuite.TestCase2"/>
  <testcase name="test_EditUser" time="46.101" classname="com.lk.android.testSuite.TestCase2"/>
</testsuite> <!-- test -->
