<?xml version="1.0" encoding="UTF-8"?>
<!-- Generated by org.testng.reporters.JUnitXMLReporter -->
<testsuite hostname="USER-20150804OD" name="xiaomi2" tests="1" failures="0" timestamp="4 Mar 2016 10:55:14 GMT" time="11.213" errors="0">
  <testcase name="@BeforeClass setup" time="0.0" classname="com.lk.android.testSuite.Demo">
    <failure type="org.openqa.selenium.SessionNotCreatedException" message="A new session could not be created. (Original error: Command failed: C:\Windows\system32\cmd.exe /s /c &amp;quot;java -jar D:\Myprogram\Appium\node_modules\appium\node_modules\appium-adb\jars\sign.jar D:\MyFile\WorkSpace\test\apps\Troad\atroad3.5.0.apk --override&amp;quot;
Exception in thread &amp;quot;main&amp;quot; java.lang.RuntimeException: Unable to rename input apk. D:\MyFile\WorkSpace\test\apps\Troad\atroad3.5.0.apk
	at s.Sign.sign(Sign.java:421)
	at s.Sign.main(Sign.java:532)
) (WARNING: The server did not provide any stacktrace information)
Command duration or timeout: 10.87 seconds
Build info: version: &amp;apos;2.48.2&amp;apos;, revision: &amp;apos;41bccdd10cf2c0560f637404c2d96164b67d9d67&amp;apos;, time: &amp;apos;2015-10-09 13:08:06&amp;apos;
System info: host: &amp;apos;USER-20150804OD&amp;apos;, ip: &amp;apos;10.1.22.28&amp;apos;, os.name: &amp;apos;Windows 7&amp;apos;, os.arch: &amp;apos;amd64&amp;apos;, os.version: &amp;apos;6.1&amp;apos;, java.version: &amp;apos;1.8.0_31&amp;apos;
Driver info: io.appium.java_client.android.AndroidDriver">
      <![CDATA[org.openqa.selenium.SessionNotCreatedException: A new session could not be created. (Original error: Command failed: C:\Windows\system32\cmd.exe /s /c "java -jar D:\Myprogram\Appium\node_modules\appium\node_modules\appium-adb\jars\sign.jar D:\MyFile\WorkSpace\test\apps\Troad\atroad3.5.0.apk --override"
Exception in thread "main" java.lang.RuntimeException: Unable to rename input apk. D:\MyFile\WorkSpace\test\apps\Troad\atroad3.5.0.apk
	at s.Sign.sign(Sign.java:421)
	at s.Sign.main(Sign.java:532)
) (WARNING: The server did not provide any stacktrace information)
Command duration or timeout: 10.87 seconds
Build info: version: '2.48.2', revision: '41bccdd10cf2c0560f637404c2d96164b67d9d67', time: '2015-10-09 13:08:06'
System info: host: 'USER-20150804OD', ip: '10.1.22.28', os.name: 'Windows 7', os.arch: 'amd64', os.version: '6.1', java.version: '1.8.0_31'
Driver info: io.appium.java_client.android.AndroidDriver
	at org.openqa.selenium.remote.ErrorHandler.createThrowable(ErrorHandler.java:206)
	at org.openqa.selenium.remote.ErrorHandler.throwIfResponseFailed(ErrorHandler.java:158)
	at org.openqa.selenium.remote.RemoteWebDriver.execute(RemoteWebDriver.java:647)
	at io.appium.java_client.DefaultGenericMobileDriver.execute(DefaultGenericMobileDriver.java:42)
	at io.appium.java_client.AppiumDriver.execute(AppiumDriver.java:1)
	at io.appium.java_client.android.AndroidDriver.execute(AndroidDriver.java:1)
	at org.openqa.selenium.remote.RemoteWebDriver.startSession(RemoteWebDriver.java:247)
	at org.openqa.selenium.remote.RemoteWebDriver.<init>(RemoteWebDriver.java:129)
	at org.openqa.selenium.remote.RemoteWebDriver.<init>(RemoteWebDriver.java:142)
	at io.appium.java_client.DefaultGenericMobileDriver.<init>(DefaultGenericMobileDriver.java:37)
	at io.appium.java_client.AppiumDriver.<init>(AppiumDriver.java:161)
	at io.appium.java_client.AppiumDriver.<init>(AppiumDriver.java:170)
	at io.appium.java_client.android.AndroidDriver.<init>(AndroidDriver.java:82)
	at com.lk.android.testSuite.Demo.setup(Demo.java:48)
	at java.util.concurrent.FutureTask.run(FutureTask.java:266)
	at java.util.concurrent.ThreadPoolExecutor.runWorker(ThreadPoolExecutor.java:1142)
	at java.util.concurrent.ThreadPoolExecutor$Worker.run(ThreadPoolExecutor.java:617)
	at java.lang.Thread.run(Thread.java:745)
... Removed 20 stack frames]]>
    </failure>
  </testcase> <!-- @BeforeClass setup -->
  <testcase name="@AfterClass teardown" time="0.0" classname="com.lk.android.testSuite.Demo">
    <skipped/>
  </testcase> <!-- @AfterClass teardown -->
  <testcase name="a_welcome" time="0.001" classname="com.lk.android.testSuite.Demo">
    <skipped/>
  </testcase> <!-- a_welcome -->
</testsuite> <!-- xiaomi2 -->
