<?xml version="1.0" encoding="UTF-8"?>
<testng-results skipped="0" failed="0" total="3" passed="3">
  <reporter-output>
  </reporter-output>
  <suite name="com.lk.android.test.TestCase2" duration-ms="42450" started-at="2016-03-01T06:50:37Z" finished-at="2016-03-01T06:51:20Z">
    <groups>
    </groups>
    <test name="Command line test" duration-ms="42450" started-at="2016-03-01T06:50:37Z" finished-at="2016-03-01T06:51:20Z">
      <class name="com.lk.android.test.TestCase2">
        <test-method status="PASS" signature="init()[pri:0, instance:com.lk.android.test.TestCase2@6fb554cc]" name="init" is-config="true" duration-ms="11968" started-at="2016-03-01T14:50:25Z" finished-at="2016-03-01T14:50:37Z">
          <reporter-output>
          </reporter-output>
        </test-method> <!-- init -->
        <test-method status="PASS" signature="initTestData()[pri:0, instance:com.lk.android.test.TestCase2@6fb554cc]" name="initTestData" is-config="true" duration-ms="1" started-at="2016-03-01T14:50:37Z" finished-at="2016-03-01T14:50:37Z">
          <reporter-output>
          </reporter-output>
        </test-method> <!-- initTestData -->
        <test-method status="PASS" signature="a_welcome()[pri:0, instance:com.lk.android.test.TestCase2@6fb554cc]" name="a_welcome" duration-ms="16713" started-at="2016-03-01T14:50:37Z" finished-at="2016-03-01T14:50:54Z">
          <reporter-output>
          </reporter-output>
        </test-method> <!-- a_welcome -->
        <test-method status="PASS" signature="t_login()[pri:0, instance:com.lk.android.test.TestCase2@6fb554cc]" name="t_login" duration-ms="10782" started-at="2016-03-01T14:50:54Z" finished-at="2016-03-01T14:51:05Z">
          <reporter-output>
          </reporter-output>
        </test-method> <!-- t_login -->
        <test-method status="PASS" signature="t_login2()[pri:0, instance:com.lk.android.test.TestCase2@6fb554cc]" name="t_login2" duration-ms="13383" started-at="2016-03-01T14:51:05Z" finished-at="2016-03-01T14:51:18Z">
          <reporter-output>
          </reporter-output>
        </test-method> <!-- t_login2 -->
        <test-method status="PASS" signature="quit()[pri:0, instance:com.lk.android.test.TestCase2@6fb554cc]" name="quit" is-config="true" duration-ms="1562" started-at="2016-03-01T14:51:18Z" finished-at="2016-03-01T14:51:20Z">
          <reporter-output>
          </reporter-output>
        </test-method> <!-- quit -->
      </class> <!-- com.lk.android.test.TestCase2 -->
    </test> <!-- Command line test -->
  </suite> <!-- com.lk.android.test.TestCase2 -->
</testng-results>
