<?xml version="1.0" encoding="UTF-8"?>
<testng-results skipped="0" failed="1" total="3" passed="2">
  <reporter-output>
  </reporter-output>
  <suite name="Suite" duration-ms="79051" started-at="2016-03-23T03:23:20Z" finished-at="2016-03-23T03:24:39Z">
    <groups>
    </groups>
    <test name="test" duration-ms="79051" started-at="2016-03-23T03:23:20Z" finished-at="2016-03-23T03:24:39Z">
      <class name="com.lk.android.testSuite.NewTestCase2">
        <test-method status="PASS" signature="setup()[pri:0, instance:com.lk.android.testSuite.NewTestCase2@531be3c5]" name="setup" is-config="true" duration-ms="16020" started-at="2016-03-23T11:23:20Z" finished-at="2016-03-23T11:23:36Z">
          <reporter-output>
          </reporter-output>
        </test-method> <!-- setup -->
        <test-method status="PASS" signature="test_welcome()[pri:0, instance:com.lk.android.testSuite.NewTestCase2@531be3c5]" name="test_welcome" duration-ms="11899" started-at="2016-03-23T11:23:36Z" description="欢迎页面" finished-at="2016-03-23T11:23:48Z">
          <reporter-output>
          </reporter-output>
        </test-method> <!-- test_welcome -->
        <test-method status="PASS" signature="test_loginRight()[pri:0, instance:com.lk.android.testSuite.NewTestCase2@531be3c5]" name="test_loginRight" duration-ms="16898" started-at="2016-03-23T11:23:48Z" description="登录" finished-at="2016-03-23T11:24:05Z">
          <reporter-output>
          </reporter-output>
        </test-method> <!-- test_loginRight -->
        <test-method status="FAIL" signature="test_editNickName()[pri:0, instance:com.lk.android.testSuite.NewTestCase2@531be3c5]" name="test_editNickName" duration-ms="32344" started-at="2016-03-23T11:24:05Z" description="修改昵称" finished-at="2016-03-23T11:24:37Z">
          <exception class="org.openqa.selenium.NoSuchElementException">
            <message>
              <![CDATA[An element could not be located on the page using the given search parameters. (WARNING: The server did not provide any stacktrace information)
Command duration or timeout: 30.13 seconds
For documentation on this error, please visit: http://seleniumhq.org/exceptions/no_such_element.html
Build info: version: '2.48.2', revision: '41bccdd10cf2c0560f637404c2d96164b67d9d67', time: '2015-10-09 13:08:06'
System info: host: 'USER-20150804OD', ip: '10.1.22.28', os.name: 'Windows 7', os.arch: 'amd64', os.version: '6.1', java.version: '1.8.0_31'
Driver info: com.lk.android.utils.AndroidDriverPlus
Capabilities [{app=D:\MyFile\WorkSpace\test\apps\TRoadOn-3.6.0d.apk, networkConnectionEnabled=true, warnings={}, app-package=com.scienvo.app.troadon, app-activity=com.scienvo.app.module.SplashActivity, databaseEnabled=false, deviceName=127.0.0.1:62001, platform=LINUX, desired={app=D:\MyFile\WorkSpace\test\apps\TRoadOn-3.6.0d.apk, platformVersion=5.0, browserName=, app-package=com.scienvo.app.troadon, app-activity=com.scienvo.app.module.SplashActivity, unicodeKeyboard=true, platformName=Android, deviceName=41ad3630, resetKeyboard=true}, platformVersion=4.4.2, webStorageEnabled=false, locationContextEnabled=false, browserName=, takesScreenshot=true, javascriptEnabled=true, unicodeKeyboard=true, platformName=Android, resetKeyboard=true}]
Session ID: 186ff2b7-3380-40a5-895e-e70dc0550e56
*** Element info: {Using=-android uiautomator, value=new UiScrollable(new UiSelector().scrollable(true).instance(0)).scrollIntoView(new UiSelector().descriptionContains("2015年").instance(0));new UiScrollable(new UiSelector().scrollable(true).instance(0)).scrollIntoView(new UiSelector().textContains("2015年").instance(0));}]]>
            </message>
            <full-stacktrace>
              <![CDATA[org.openqa.selenium.NoSuchElementException: An element could not be located on the page using the given search parameters. (WARNING: The server did not provide any stacktrace information)
Command duration or timeout: 30.13 seconds
For documentation on this error, please visit: http://seleniumhq.org/exceptions/no_such_element.html
Build info: version: '2.48.2', revision: '41bccdd10cf2c0560f637404c2d96164b67d9d67', time: '2015-10-09 13:08:06'
System info: host: 'USER-20150804OD', ip: '10.1.22.28', os.name: 'Windows 7', os.arch: 'amd64', os.version: '6.1', java.version: '1.8.0_31'
Driver info: com.lk.android.utils.AndroidDriverPlus
Capabilities [{app=D:\MyFile\WorkSpace\test\apps\TRoadOn-3.6.0d.apk, networkConnectionEnabled=true, warnings={}, app-package=com.scienvo.app.troadon, app-activity=com.scienvo.app.module.SplashActivity, databaseEnabled=false, deviceName=127.0.0.1:62001, platform=LINUX, desired={app=D:\MyFile\WorkSpace\test\apps\TRoadOn-3.6.0d.apk, platformVersion=5.0, browserName=, app-package=com.scienvo.app.troadon, app-activity=com.scienvo.app.module.SplashActivity, unicodeKeyboard=true, platformName=Android, deviceName=41ad3630, resetKeyboard=true}, platformVersion=4.4.2, webStorageEnabled=false, locationContextEnabled=false, browserName=, takesScreenshot=true, javascriptEnabled=true, unicodeKeyboard=true, platformName=Android, resetKeyboard=true}]
Session ID: 186ff2b7-3380-40a5-895e-e70dc0550e56
*** Element info: {Using=-android uiautomator, value=new UiScrollable(new UiSelector().scrollable(true).instance(0)).scrollIntoView(new UiSelector().descriptionContains("2015年").instance(0));new UiScrollable(new UiSelector().scrollable(true).instance(0)).scrollIntoView(new UiSelector().textContains("2015年").instance(0));}
	at sun.reflect.NativeConstructorAccessorImpl.newInstance0(Native Method)
	at sun.reflect.NativeConstructorAccessorImpl.newInstance(NativeConstructorAccessorImpl.java:62)
	at sun.reflect.DelegatingConstructorAccessorImpl.newInstance(DelegatingConstructorAccessorImpl.java:45)
	at java.lang.reflect.Constructor.newInstance(Constructor.java:408)
	at org.openqa.selenium.remote.ErrorHandler.createThrowable(ErrorHandler.java:206)
	at org.openqa.selenium.remote.ErrorHandler.throwIfResponseFailed(ErrorHandler.java:158)
	at org.openqa.selenium.remote.RemoteWebDriver.execute(RemoteWebDriver.java:647)
	at io.appium.java_client.DefaultGenericMobileDriver.execute(DefaultGenericMobileDriver.java:42)
	at io.appium.java_client.AppiumDriver.execute(AppiumDriver.java:1)
	at io.appium.java_client.android.AndroidDriver.execute(AndroidDriver.java:1)
	at org.openqa.selenium.remote.RemoteWebDriver.findElement(RemoteWebDriver.java:353)
	at io.appium.java_client.android.AndroidDriver.findElementByAndroidUIAutomator(AndroidDriver.java:394)
	at io.appium.java_client.android.AndroidDriver.scrollTo(AndroidDriver.java:137)
	at com.lk.android.actions.User.editBirthday(User.java:88)
	at com.lk.android.testSuite.NewTestCase2.test_editNickName(NewTestCase2.java:48)
	at sun.reflect.NativeMethodAccessorImpl.invoke0(Native Method)
	at sun.reflect.NativeMethodAccessorImpl.invoke(NativeMethodAccessorImpl.java:62)
	at sun.reflect.DelegatingMethodAccessorImpl.invoke(DelegatingMethodAccessorImpl.java:43)
	at java.lang.reflect.Method.invoke(Method.java:483)
	at org.testng.internal.MethodInvocationHelper.invokeMethod(MethodInvocationHelper.java:80)
	at org.testng.internal.Invoker.invokeMethod(Invoker.java:714)
	at org.testng.internal.Invoker.invokeTestMethod(Invoker.java:901)
	at org.testng.internal.Invoker.invokeTestMethods(Invoker.java:1231)
	at org.testng.internal.TestMethodWorker.invokeTestMethods(TestMethodWorker.java:127)
	at org.testng.internal.TestMethodWorker.run(TestMethodWorker.java:111)
	at org.testng.TestRunner.privateRun(TestRunner.java:767)
	at org.testng.TestRunner.run(TestRunner.java:617)
	at org.testng.SuiteRunner.runTest(SuiteRunner.java:334)
	at org.testng.SuiteRunner.runSequentially(SuiteRunner.java:329)
	at org.testng.SuiteRunner.privateRun(SuiteRunner.java:291)
	at org.testng.SuiteRunner.run(SuiteRunner.java:240)
	at org.testng.SuiteRunnerWorker.runSuite(SuiteRunnerWorker.java:52)
	at org.testng.SuiteRunnerWorker.run(SuiteRunnerWorker.java:86)
	at org.testng.TestNG.runSuitesSequentially(TestNG.java:1198)
	at org.testng.TestNG.runSuitesLocally(TestNG.java:1123)
	at org.testng.TestNG.run(TestNG.java:1031)
	at org.testng.remote.RemoteTestNG.run(RemoteTestNG.java:115)
	at org.testng.remote.RemoteTestNG.initAndRun(RemoteTestNG.java:207)
	at org.testng.remote.RemoteTestNG.main(RemoteTestNG.java:178)
]]>
            </full-stacktrace>
          </exception> <!-- org.openqa.selenium.NoSuchElementException -->
          <reporter-output>
          </reporter-output>
        </test-method> <!-- test_editNickName -->
        <test-method status="PASS" signature="teardown()[pri:0, instance:com.lk.android.testSuite.NewTestCase2@531be3c5]" name="teardown" is-config="true" duration-ms="1870" started-at="2016-03-23T11:24:37Z" finished-at="2016-03-23T11:24:39Z">
          <reporter-output>
          </reporter-output>
        </test-method> <!-- teardown -->
      </class> <!-- com.lk.android.testSuite.NewTestCase2 -->
    </test> <!-- test -->
  </suite> <!-- Suite -->
</testng-results>
