<?xml version="1.0" encoding="UTF-8"?>
<testng-results skipped="0" failed="1" total="5" passed="4">
  <reporter-output>
  </reporter-output>
  <suite name="Suite" duration-ms="133908" started-at="2016-03-02T11:55:47Z" finished-at="2016-03-02T11:58:01Z">
    <groups>
    </groups>
    <test name="test" duration-ms="133908" started-at="2016-03-02T11:55:47Z" finished-at="2016-03-02T11:58:01Z">
      <class name="com.lk.android.testSuite.TestCase1">
        <test-method status="PASS" signature="init()[pri:0, instance:com.lk.android.testSuite.TestCase1@3ac3fd8b]" name="init" is-config="true" duration-ms="11599" started-at="2016-03-02T19:55:35Z" finished-at="2016-03-02T19:55:47Z">
          <reporter-output>
          </reporter-output>
        </test-method> <!-- init -->
        <test-method status="PASS" signature="test_welcome()[pri:0, instance:com.lk.android.testSuite.TestCase1@3ac3fd8b]" name="test_welcome" duration-ms="17744" started-at="2016-03-02T19:55:47Z" finished-at="2016-03-02T19:56:05Z">
          <reporter-output>
          </reporter-output>
        </test-method> <!-- test_welcome -->
        <test-method status="PASS" signature="test_login()[pri:0, instance:com.lk.android.testSuite.TestCase1@3ac3fd8b]" name="test_login" duration-ms="11176" started-at="2016-03-02T19:56:05Z" description="正确的用户名、错误的密码" finished-at="2016-03-02T19:56:16Z">
          <reporter-output>
          </reporter-output>
        </test-method> <!-- test_login -->
        <test-method status="PASS" signature="test_login2()[pri:0, instance:com.lk.android.testSuite.TestCase1@3ac3fd8b]" name="test_login2" duration-ms="15661" started-at="2016-03-02T19:56:16Z" description="正确的用户名、正确的密码" finished-at="2016-03-02T19:56:31Z">
          <reporter-output>
          </reporter-output>
        </test-method> <!-- test_login2 -->
        <test-method status="PASS" signature="quit()[pri:0, instance:com.lk.android.testSuite.TestCase1@3ac3fd8b]" name="quit" is-config="true" duration-ms="1895" started-at="2016-03-02T19:58:01Z" finished-at="2016-03-02T19:58:03Z">
          <reporter-output>
          </reporter-output>
        </test-method> <!-- quit -->
      </class> <!-- com.lk.android.testSuite.TestCase1 -->
      <class name="com.lk.android.testSuite.TestCase2">
        <test-method status="PASS" signature="init()[pri:0, instance:com.lk.android.testSuite.TestCase2@129a8472]" name="init" is-config="true" duration-ms="1" started-at="2016-03-02T19:56:31Z" finished-at="2016-03-02T19:56:31Z">
          <reporter-output>
          </reporter-output>
        </test-method> <!-- init -->
        <test-method status="PASS" signature="test_order_001()[pri:0, instance:com.lk.android.testSuite.TestCase2@129a8472]" name="test_order_001" duration-ms="46191" started-at="2016-03-02T19:56:31Z" description="商品id:19264" finished-at="2016-03-02T19:57:18Z">
          <reporter-output>
          </reporter-output>
        </test-method> <!-- test_order_001 -->
        <test-method status="FAIL" signature="test_order_002()[pri:0, instance:com.lk.android.testSuite.TestCase2@129a8472]" name="test_order_002" duration-ms="43119" started-at="2016-03-02T19:57:18Z" finished-at="2016-03-02T19:58:01Z">
          <exception class="org.openqa.selenium.ElementNotVisibleException">
            <message>
              <![CDATA[element not visible
  (Session info: webview=30.0.0.0)
  (Driver info: chromedriver=2.18.343845 (73dd713ba7fbfb73cbb514e62641d8c96a94682a),platform=Windows NT 6.1 SP1 x86_64) (WARNING: The server did not provide any stacktrace information)
Command duration or timeout: 52 milliseconds
Build info: version: '2.48.2', revision: '41bccdd10cf2c0560f637404c2d96164b67d9d67', time: '2015-10-09 13:08:06'
System info: host: 'USER-20150804OD', ip: '10.1.22.28', os.name: 'Windows 7', os.arch: 'amd64', os.version: '6.1', java.version: '1.8.0_31'
Driver info: com.lk.android.utils.AndroidDriverPlus
Capabilities [{app=D:\MyFile\WorkSpace\test\apps\Troad\atroad3.5.0.apk, networkConnectionEnabled=true, warnings={}, databaseEnabled=false, deviceName=127.0.0.1:62001, platform=LINUX, desired={app=D:\MyFile\WorkSpace\test\apps\Troad\atroad3.5.0.apk, platformVersion=5.0, browserName=, unicodeKeyboard=true, platformName=Android, deviceName=41ad3630, resetKeyboard=true}, platformVersion=4.4.2, webStorageEnabled=false, locationContextEnabled=false, browserName=, takesScreenshot=true, javascriptEnabled=true, unicodeKeyboard=true, platformName=Android, resetKeyboard=true}]
Session ID: 92234cc3-3aee-47ee-b899-ed97cc9644a4]]>
            </message>
            <full-stacktrace>
              <![CDATA[org.openqa.selenium.ElementNotVisibleException: element not visible
  (Session info: webview=30.0.0.0)
  (Driver info: chromedriver=2.18.343845 (73dd713ba7fbfb73cbb514e62641d8c96a94682a),platform=Windows NT 6.1 SP1 x86_64) (WARNING: The server did not provide any stacktrace information)
Command duration or timeout: 52 milliseconds
Build info: version: '2.48.2', revision: '41bccdd10cf2c0560f637404c2d96164b67d9d67', time: '2015-10-09 13:08:06'
System info: host: 'USER-20150804OD', ip: '10.1.22.28', os.name: 'Windows 7', os.arch: 'amd64', os.version: '6.1', java.version: '1.8.0_31'
Driver info: com.lk.android.utils.AndroidDriverPlus
Capabilities [{app=D:\MyFile\WorkSpace\test\apps\Troad\atroad3.5.0.apk, networkConnectionEnabled=true, warnings={}, databaseEnabled=false, deviceName=127.0.0.1:62001, platform=LINUX, desired={app=D:\MyFile\WorkSpace\test\apps\Troad\atroad3.5.0.apk, platformVersion=5.0, browserName=, unicodeKeyboard=true, platformName=Android, deviceName=41ad3630, resetKeyboard=true}, platformVersion=4.4.2, webStorageEnabled=false, locationContextEnabled=false, browserName=, takesScreenshot=true, javascriptEnabled=true, unicodeKeyboard=true, platformName=Android, resetKeyboard=true}]
Session ID: 92234cc3-3aee-47ee-b899-ed97cc9644a4
	at sun.reflect.NativeConstructorAccessorImpl.newInstance0(Native Method)
	at sun.reflect.NativeConstructorAccessorImpl.newInstance(NativeConstructorAccessorImpl.java:62)
	at sun.reflect.DelegatingConstructorAccessorImpl.newInstance(DelegatingConstructorAccessorImpl.java:45)
	at java.lang.reflect.Constructor.newInstance(Constructor.java:408)
	at org.openqa.selenium.remote.ErrorHandler.createThrowable(ErrorHandler.java:206)
	at org.openqa.selenium.remote.ErrorHandler.throwIfResponseFailed(ErrorHandler.java:158)
	at org.openqa.selenium.remote.RemoteWebDriver.execute(RemoteWebDriver.java:647)
	at io.appium.java_client.DefaultGenericMobileDriver.execute(DefaultGenericMobileDriver.java:42)
	at io.appium.java_client.AppiumDriver.execute(AppiumDriver.java:1)
	at io.appium.java_client.android.AndroidDriver.execute(AndroidDriver.java:1)
	at org.openqa.selenium.remote.RemoteWebElement.execute(RemoteWebElement.java:326)
	at io.appium.java_client.DefaultGenericMobileElement.execute(DefaultGenericMobileElement.java:44)
	at io.appium.java_client.MobileElement.execute(MobileElement.java:1)
	at io.appium.java_client.android.AndroidElement.execute(AndroidElement.java:1)
	at org.openqa.selenium.remote.RemoteWebElement.click(RemoteWebElement.java:84)
	at com.lk.android.actions.SearchProduct.submitOrder(SearchProduct.java:93)
	at com.lk.android.testSuite.TestCase2.test_order_002(TestCase2.java:53)
	at sun.reflect.NativeMethodAccessorImpl.invoke0(Native Method)
	at sun.reflect.NativeMethodAccessorImpl.invoke(NativeMethodAccessorImpl.java:62)
	at sun.reflect.DelegatingMethodAccessorImpl.invoke(DelegatingMethodAccessorImpl.java:43)
	at java.lang.reflect.Method.invoke(Method.java:483)
	at org.testng.internal.MethodInvocationHelper.invokeMethod(MethodInvocationHelper.java:80)
	at org.testng.internal.Invoker.invokeMethod(Invoker.java:714)
	at org.testng.internal.Invoker.invokeTestMethod(Invoker.java:901)
	at org.testng.internal.Invoker.invokeTestMethods(Invoker.java:1231)
	at org.testng.internal.TestMethodWorker.invokeTestMethods(TestMethodWorker.java:127)
	at org.testng.internal.TestMethodWorker.run(TestMethodWorker.java:111)
	at org.testng.TestRunner.privateRun(TestRunner.java:767)
	at org.testng.TestRunner.run(TestRunner.java:617)
	at org.testng.SuiteRunner.runTest(SuiteRunner.java:334)
	at org.testng.SuiteRunner.runSequentially(SuiteRunner.java:329)
	at org.testng.SuiteRunner.privateRun(SuiteRunner.java:291)
	at org.testng.SuiteRunner.run(SuiteRunner.java:240)
	at org.testng.SuiteRunnerWorker.runSuite(SuiteRunnerWorker.java:52)
	at org.testng.SuiteRunnerWorker.run(SuiteRunnerWorker.java:86)
	at org.testng.TestNG.runSuitesSequentially(TestNG.java:1198)
	at org.testng.TestNG.runSuitesLocally(TestNG.java:1123)
	at org.testng.TestNG.run(TestNG.java:1031)
	at org.testng.remote.RemoteTestNG.run(RemoteTestNG.java:115)
	at org.testng.remote.RemoteTestNG.initAndRun(RemoteTestNG.java:207)
	at org.testng.remote.RemoteTestNG.main(RemoteTestNG.java:178)
]]>
            </full-stacktrace>
          </exception> <!-- org.openqa.selenium.ElementNotVisibleException -->
          <reporter-output>
          </reporter-output>
        </test-method> <!-- test_order_002 -->
      </class> <!-- com.lk.android.testSuite.TestCase2 -->
    </test> <!-- test -->
  </suite> <!-- Suite -->
</testng-results>
